[debug] [2021-06-22T15:29:34.238Z] ----------------------------------------------------------------------
[debug] [2021-06-22T15:29:34.241Z] Command:       C:\Program Files\nodejs\node.exe C:\Users\ACER\AppData\Roaming\npm\node_modules\firebase-tools\lib\bin\firebase.js init
[debug] [2021-06-22T15:29:34.241Z] CLI Version:   9.14.0
[debug] [2021-06-22T15:29:34.241Z] Platform:      win32
[debug] [2021-06-22T15:29:34.241Z] Node Version:  v12.13.1
[debug] [2021-06-22T15:29:34.243Z] Time:          Tue Jun 22 2021 22:29:34 GMT+0700 (Western Indonesia Time)
[debug] [2021-06-22T15:29:34.243Z] ----------------------------------------------------------------------
[debug] 
[debug] [2021-06-22T15:29:34.255Z] > command requires scopes: ["email","openid","https://www.googleapis.com/auth/cloudplatformprojects.readonly","https://www.googleapis.com/auth/firebase","https://www.googleapis.com/auth/cloud-platform"]
[debug] [2021-06-22T15:29:34.256Z] > authorizing via signed-in user (mhdiqbaltan@gmail.com)
[info] 
     ######## #### ########  ######## ########     ###     ######  ########
     ##        ##  ##     ## ##       ##     ##  ##   ##  ##       ##
     ######    ##  ########  ######   ########  #########  ######  ######
     ##        ##  ##    ##  ##       ##     ## ##     ##       ## ##
     ##       #### ##     ## ######## ########  ##     ##  ######  ########

You're about to initialize a Firebase project in this directory:

  D:\MyProject\superchat

Before we get started, keep in mind:

  * You are initializing within an existing Firebase project directory

[info] 
=== Project Setup
[info] 
[info] First, let's associate this project directory with a Firebase project.
[info] You can create multiple project aliases by running firebase use --add, 
[info] but for now we'll just set up a default project.
[info] 
[info] i  .firebaserc already has a default project, using chatapp-bruh. 
[debug] [2021-06-22T15:30:17.778Z] > refreshing access token with scopes: []
[debug] [2021-06-22T15:30:17.780Z] >>> HTTP REQUEST POST https://www.googleapis.com/oauth2/v3/token  
 <request body omitted>
[debug] [2021-06-22T15:30:18.006Z] <<< HTTP RESPONSE 200 {"expires":"Mon, 01 Jan 1990 00:00:00 GMT","pragma":"no-cache","cache-control":"no-cache, no-store, max-age=0, must-revalidate","date":"Tue, 22 Jun 2021 15:30:19 GMT","content-type":"application/json; charset=utf-8","vary":"X-Origin, Referer, Origin,Accept-Encoding","server":"scaffolding on HTTPServer2","x-xss-protection":"0","x-frame-options":"SAMEORIGIN","x-content-type-options":"nosniff","alt-svc":"h3=\":443\"; ma=2592000,h3-29=\":443\"; ma=2592000,h3-T051=\":443\"; ma=2592000,h3-Q050=\":443\"; ma=2592000,h3-Q046=\":443\"; ma=2592000,h3-Q043=\":443\"; ma=2592000,quic=\":443\"; ma=2592000; v=\"46,43\"","accept-ranges":"none","transfer-encoding":"chunked"}
[debug] [2021-06-22T15:30:18.077Z] >>> [apiv2][query] GET https://firebase.googleapis.com/v1beta1/projects/chatapp-bruh [none]
[debug] [2021-06-22T15:30:18.538Z] <<< [apiv2][status] GET https://firebase.googleapis.com/v1beta1/projects/chatapp-bruh 200
[debug] [2021-06-22T15:30:18.539Z] <<< [apiv2][body] GET https://firebase.googleapis.com/v1beta1/projects/chatapp-bruh {"projectId":"chatapp-bruh","projectNumber":"722980193719","displayName":"chatapp-bruh","name":"projects/chatapp-bruh","resources":{"hostingSite":"chatapp-bruh","storageBucket":"chatapp-bruh.appspot.com","locationId":"asia-southeast2"},"state":"ACTIVE"}
[info] 
=== Hosting:github Setup
[info] 
[info] i  Detected a .git folder at D:\MyProject\superchat 
[info] i  Authorizing with GitHub to upload your service account to a GitHub repository's secrets store. 
[info] 
[info] Visit this URL on this device to log in:
[info] https://github.com/login/oauth/authorize?client_id=89cf50f02ac6aaed3484&state=534582687&redirect_uri=http%3A%2F%2Flocalhost%3A9005&scope=read%3Auser%20repo%20public_repo
[info] 
[info] Waiting for authentication...
[debug] [2021-06-22T15:30:30.220Z] >>> HTTP REQUEST POST https://github.com/login/oauth/access_token  
 {"client_id":"89cf50f02ac6aaed3484","client_secret":"3330d14abc895d9a74d5f17cd7a00711fa2c5bf0","code":"0fdc9e3f2cec59c09058","redirect_uri":"http://localhost:9005","state":"534582687"}
[debug] [2021-06-22T15:30:30.710Z] <<< HTTP RESPONSE 200 {"server":"GitHub.com","date":"Tue, 22 Jun 2021 15:30:31 GMT","content-type":"application/json; charset=utf-8","transfer-encoding":"chunked","vary":"X-PJAX, Accept-Encoding, Accept, X-Requested-With","permissions-policy":"interest-cohort=()","etag":"W/\"5d0e9538283ce4f34019c1fd17400338\"","cache-control":"max-age=0, private, must-revalidate","strict-transport-security":"max-age=31536000; includeSubdomains; preload","x-frame-options":"deny","x-content-type-options":"nosniff","x-xss-protection":"0","referrer-policy":"origin-when-cross-origin, strict-origin-when-cross-origin","expect-ct":"max-age=2592000, report-uri=\"https://api.github.com/_private/browser/errors\"","content-security-policy":"default-src 'none'; base-uri 'self'; block-all-mixed-content; connect-src 'self' uploads.github.com www.githubstatus.com collector.githubapp.com api.github.com github-cloud.s3.amazonaws.com github-production-repository-file-5c1aeb.s3.amazonaws.com github-production-upload-manifest-file-7fdce7.s3.amazonaws.com github-production-user-asset-6210df.s3.amazonaws.com cdn.optimizely.com logx.optimizely.com/v1/events translator.github.com wss://alive.github.com; font-src github.githubassets.com; form-action 'self' github.com gist.github.com; frame-ancestors 'none'; frame-src render.githubusercontent.com render-temp.githubusercontent.com viewscreen.githubusercontent.com; img-src 'self' data: github.githubassets.com identicons.github.com collector.githubapp.com github-cloud.s3.amazonaws.com secured-user-images.githubusercontent.com/ *.githubusercontent.com; manifest-src 'self'; media-src 'none'; script-src github.githubassets.com; style-src 'unsafe-inline' github.githubassets.com; worker-src github.com/socket-worker-3f088aa2.js gist.github.com/socket-worker-3f088aa2.js","x-github-request-id":"2E5A:7ED2:D76AA:E1E24:60D20217"}
[debug] [2021-06-22T15:30:30.718Z] >>> [apiv2][query] GET https://api.github.com/user [none]
[debug] [2021-06-22T15:30:31.316Z] <<< [apiv2][status] GET https://api.github.com/user 200
[debug] [2021-06-22T15:30:31.317Z] <<< [apiv2][body] GET https://api.github.com/user {"login":"Iqbaltz","id":45689067,"node_id":"MDQ6VXNlcjQ1Njg5MDY3","avatar_url":"https://avatars.githubusercontent.com/u/45689067?v=4","gravatar_id":"","url":"https://api.github.com/users/Iqbaltz","html_url":"https://github.com/Iqbaltz","followers_url":"https://api.github.com/users/Iqbaltz/followers","following_url":"https://api.github.com/users/Iqbaltz/following{/other_user}","gists_url":"https://api.github.com/users/Iqbaltz/gists{/gist_id}","starred_url":"https://api.github.com/users/Iqbaltz/starred{/owner}{/repo}","subscriptions_url":"https://api.github.com/users/Iqbaltz/subscriptions","organizations_url":"https://api.github.com/users/Iqbaltz/orgs","repos_url":"https://api.github.com/users/Iqbaltz/repos","events_url":"https://api.github.com/users/Iqbaltz/events{/privacy}","received_events_url":"https://api.github.com/users/Iqbaltz/received_events","type":"User","site_admin":false,"name":"Muhammad Iqbal","company":null,"blog":"https://iqbaltan.tech","location":"Medan, Indonesia.","email":null,"hireable":null,"bio":"Frontend Web Developer","twitter_username":null,"public_repos":6,"public_gists":0,"followers":3,"following":3,"created_at":"2018-12-07T12:27:56Z","updated_at":"2021-06-22T15:30:30Z","private_gists":0,"total_private_repos":5,"owned_private_repos":5,"disk_usage":68713,"collaborators":2,"two_factor_authentication":false,"plan":{"name":"free","space":976562499,"collaborators":0,"private_repos":10000}}
[info] 
[info] +  Success! Logged into GitHub as Iqbaltz 
[info] 
[debug] [2021-06-22T15:30:56.090Z] >>> [apiv2][query] GET https://api.github.com/repos/chatapp-bruh/actions/secrets/public-key type=owner
[debug] [2021-06-22T15:30:56.562Z] >>> [apiv2][query] GET https://api.github.com/repos//actions/secrets/public-key type=owner
[debug] [2021-06-22T15:30:56.624Z] <<< [apiv2][status] GET https://api.github.com/repos/chatapp-bruh/actions/secrets/public-key 404
[debug] [2021-06-22T15:30:56.624Z] <<< [apiv2][body] GET https://api.github.com/repos/chatapp-bruh/actions/secrets/public-key {"message":"Not Found","documentation_url":"https://docs.github.com/rest"}
[debug] [2021-06-22T15:30:57.176Z] <<< [apiv2][status] GET https://api.github.com/repos//actions/secrets/public-key 404
[debug] [2021-06-22T15:30:57.176Z] <<< [apiv2][body] GET https://api.github.com/repos//actions/secrets/public-key {"message":"Not Found","documentation_url":"https://docs.github.com/rest"}
[debug] [2021-06-22T15:31:03.437Z] >>> [apiv2][query] GET https://api.github.com/repos//actions/secrets/public-key type=owner
[debug] [2021-06-22T15:31:04.069Z] <<< [apiv2][status] GET https://api.github.com/repos//actions/secrets/public-key 404
[debug] [2021-06-22T15:31:04.069Z] <<< [apiv2][body] GET https://api.github.com/repos//actions/secrets/public-key {"message":"Not Found","documentation_url":"https://docs.github.com/rest"}
